Determining if the function crc32c_value exists in the crc32c failed with the following output:
Change Dir: /Users/huibingdong/Programming/Git/ZoneLevelDB/build/CMakeFiles/CMakeTmp

Run Build Command(s):/usr/local/bin/gmake cmTC_05b66/fast && /usr/local/bin/gmake  -f CMakeFiles/cmTC_05b66.dir/build.make CMakeFiles/cmTC_05b66.dir/build
gmake[1]: Entering directory '/Users/huibingdong/Programming/Git/ZoneLevelDB/build/CMakeFiles/CMakeTmp'
Building C object CMakeFiles/cmTC_05b66.dir/CheckFunctionExists.c.o
/Applications/Xcode.app/Contents/Developer/Toolchains/XcodeDefault.xctoolchain/usr/bin/cc   -DCHECK_FUNCTION_EXISTS=crc32c_value -isysroot /Applications/Xcode.app/Contents/Developer/Platforms/MacOSX.platform/Developer/SDKs/MacOSX10.15.sdk   -std=c11 -o CMakeFiles/cmTC_05b66.dir/CheckFunctionExists.c.o   -c /usr/local/Cellar/cmake/3.17.2/share/cmake/Modules/CheckFunctionExists.c
Linking C executable cmTC_05b66
/usr/local/Cellar/cmake/3.17.2/bin/cmake -E cmake_link_script CMakeFiles/cmTC_05b66.dir/link.txt --verbose=1
/Applications/Xcode.app/Contents/Developer/Toolchains/XcodeDefault.xctoolchain/usr/bin/cc  -DCHECK_FUNCTION_EXISTS=crc32c_value -isysroot /Applications/Xcode.app/Contents/Developer/Platforms/MacOSX.platform/Developer/SDKs/MacOSX10.15.sdk -Wl,-search_paths_first -Wl,-headerpad_max_install_names   CMakeFiles/cmTC_05b66.dir/CheckFunctionExists.c.o  -o cmTC_05b66  -lcrc32c 
ld: library not found for -lcrc32c
clang: error: linker command failed with exit code 1 (use -v to see invocation)
gmake[1]: *** [CMakeFiles/cmTC_05b66.dir/build.make:107: cmTC_05b66] Error 1
gmake[1]: Leaving directory '/Users/huibingdong/Programming/Git/ZoneLevelDB/build/CMakeFiles/CMakeTmp'
gmake: *** [Makefile:141: cmTC_05b66/fast] Error 2



Determining if the function snappy_compress exists in the snappy failed with the following output:
Change Dir: /Users/huibingdong/Programming/Git/ZoneLevelDB/build/CMakeFiles/CMakeTmp

Run Build Command(s):/usr/local/bin/gmake cmTC_4ccc7/fast && /usr/local/bin/gmake  -f CMakeFiles/cmTC_4ccc7.dir/build.make CMakeFiles/cmTC_4ccc7.dir/build
gmake[1]: Entering directory '/Users/huibingdong/Programming/Git/ZoneLevelDB/build/CMakeFiles/CMakeTmp'
Building C object CMakeFiles/cmTC_4ccc7.dir/CheckFunctionExists.c.o
/Applications/Xcode.app/Contents/Developer/Toolchains/XcodeDefault.xctoolchain/usr/bin/cc   -DCHECK_FUNCTION_EXISTS=snappy_compress -isysroot /Applications/Xcode.app/Contents/Developer/Platforms/MacOSX.platform/Developer/SDKs/MacOSX10.15.sdk   -std=c11 -o CMakeFiles/cmTC_4ccc7.dir/CheckFunctionExists.c.o   -c /usr/local/Cellar/cmake/3.17.2/share/cmake/Modules/CheckFunctionExists.c
Linking C executable cmTC_4ccc7
/usr/local/Cellar/cmake/3.17.2/bin/cmake -E cmake_link_script CMakeFiles/cmTC_4ccc7.dir/link.txt --verbose=1
/Applications/Xcode.app/Contents/Developer/Toolchains/XcodeDefault.xctoolchain/usr/bin/cc  -DCHECK_FUNCTION_EXISTS=snappy_compress -isysroot /Applications/Xcode.app/Contents/Developer/Platforms/MacOSX.platform/Developer/SDKs/MacOSX10.15.sdk -Wl,-search_paths_first -Wl,-headerpad_max_install_names   CMakeFiles/cmTC_4ccc7.dir/CheckFunctionExists.c.o  -o cmTC_4ccc7  -lsnappy 
ld: library not found for -lsnappy
clang: error: linker command failed with exit code 1 (use -v to see invocation)
gmake[1]: *** [CMakeFiles/cmTC_4ccc7.dir/build.make:107: cmTC_4ccc7] Error 1
gmake[1]: Leaving directory '/Users/huibingdong/Programming/Git/ZoneLevelDB/build/CMakeFiles/CMakeTmp'
gmake: *** [Makefile:141: cmTC_4ccc7/fast] Error 2



Determining if the function malloc exists in the tcmalloc failed with the following output:
Change Dir: /Users/huibingdong/Programming/Git/ZoneLevelDB/build/CMakeFiles/CMakeTmp

Run Build Command(s):/usr/local/bin/gmake cmTC_6320b/fast && /usr/local/bin/gmake  -f CMakeFiles/cmTC_6320b.dir/build.make CMakeFiles/cmTC_6320b.dir/build
gmake[1]: Entering directory '/Users/huibingdong/Programming/Git/ZoneLevelDB/build/CMakeFiles/CMakeTmp'
Building C object CMakeFiles/cmTC_6320b.dir/CheckFunctionExists.c.o
/Applications/Xcode.app/Contents/Developer/Toolchains/XcodeDefault.xctoolchain/usr/bin/cc   -DCHECK_FUNCTION_EXISTS=malloc -isysroot /Applications/Xcode.app/Contents/Developer/Platforms/MacOSX.platform/Developer/SDKs/MacOSX10.15.sdk   -std=c11 -o CMakeFiles/cmTC_6320b.dir/CheckFunctionExists.c.o   -c /usr/local/Cellar/cmake/3.17.2/share/cmake/Modules/CheckFunctionExists.c
/usr/local/Cellar/cmake/3.17.2/share/cmake/Modules/CheckFunctionExists.c:7:3: warning: incompatible redeclaration of library function 'malloc' [-Wincompatible-library-redeclaration]
  CHECK_FUNCTION_EXISTS(void);
  ^
<command line>:1:31: note: expanded from here
#define CHECK_FUNCTION_EXISTS malloc
                              ^
/usr/local/Cellar/cmake/3.17.2/share/cmake/Modules/CheckFunctionExists.c:7:3: note: 'malloc' is a builtin with type 'void *(unsigned long)'
<command line>:1:31: note: expanded from here
#define CHECK_FUNCTION_EXISTS malloc
                              ^
1 warning generated.
Linking C executable cmTC_6320b
/usr/local/Cellar/cmake/3.17.2/bin/cmake -E cmake_link_script CMakeFiles/cmTC_6320b.dir/link.txt --verbose=1
/Applications/Xcode.app/Contents/Developer/Toolchains/XcodeDefault.xctoolchain/usr/bin/cc  -DCHECK_FUNCTION_EXISTS=malloc -isysroot /Applications/Xcode.app/Contents/Developer/Platforms/MacOSX.platform/Developer/SDKs/MacOSX10.15.sdk -Wl,-search_paths_first -Wl,-headerpad_max_install_names   CMakeFiles/cmTC_6320b.dir/CheckFunctionExists.c.o  -o cmTC_6320b  -ltcmalloc 
ld: library not found for -ltcmalloc
clang: error: linker command failed with exit code 1 (use -v to see invocation)
gmake[1]: *** [CMakeFiles/cmTC_6320b.dir/build.make:107: cmTC_6320b] Error 1
gmake[1]: Leaving directory '/Users/huibingdong/Programming/Git/ZoneLevelDB/build/CMakeFiles/CMakeTmp'
gmake: *** [Makefile:141: cmTC_6320b/fast] Error 2



Determining if the fdatasync exist failed with the following output:
Change Dir: /Users/huibingdong/Programming/Git/ZoneLevelDB/build/CMakeFiles/CMakeTmp

Run Build Command(s):/usr/local/bin/gmake cmTC_03ae3/fast && /usr/local/bin/gmake  -f CMakeFiles/cmTC_03ae3.dir/build.make CMakeFiles/cmTC_03ae3.dir/build
gmake[1]: Entering directory '/Users/huibingdong/Programming/Git/ZoneLevelDB/build/CMakeFiles/CMakeTmp'
Building CXX object CMakeFiles/cmTC_03ae3.dir/CheckSymbolExists.cxx.o
/Applications/Xcode.app/Contents/Developer/Toolchains/XcodeDefault.xctoolchain/usr/bin/c++    -isysroot /Applications/Xcode.app/Contents/Developer/Platforms/MacOSX.platform/Developer/SDKs/MacOSX10.15.sdk   -std=c++11 -o CMakeFiles/cmTC_03ae3.dir/CheckSymbolExists.cxx.o -c /Users/huibingdong/Programming/Git/ZoneLevelDB/build/CMakeFiles/CMakeTmp/CheckSymbolExists.cxx
/Users/huibingdong/Programming/Git/ZoneLevelDB/build/CMakeFiles/CMakeTmp/CheckSymbolExists.cxx:8:19: error: use of undeclared identifier 'fdatasync'
  return ((int*)(&fdatasync))[argc];
                  ^
1 error generated.
gmake[1]: *** [CMakeFiles/cmTC_03ae3.dir/build.make:86: CMakeFiles/cmTC_03ae3.dir/CheckSymbolExists.cxx.o] Error 1
gmake[1]: Leaving directory '/Users/huibingdong/Programming/Git/ZoneLevelDB/build/CMakeFiles/CMakeTmp'
gmake: *** [Makefile:141: cmTC_03ae3/fast] Error 2


File /Users/huibingdong/Programming/Git/ZoneLevelDB/build/CMakeFiles/CMakeTmp/CheckSymbolExists.cxx:
/* */
#include <unistd.h>

int main(int argc, char** argv)
{
  (void)argv;
#ifndef fdatasync
  return ((int*)(&fdatasync))[argc];
#else
  (void)argc;
  return 0;
#endif
}
Performing C++ SOURCE FILE Test HAVE_KYOTOCABINET failed with the following output:
Change Dir: /Users/huibingdong/Programming/Git/ZoneLevelDB/build/CMakeFiles/CMakeTmp

Run Build Command(s):/usr/local/bin/gmake cmTC_81071/fast && /usr/local/bin/gmake  -f CMakeFiles/cmTC_81071.dir/build.make CMakeFiles/cmTC_81071.dir/build
gmake[1]: Entering directory '/Users/huibingdong/Programming/Git/ZoneLevelDB/build/CMakeFiles/CMakeTmp'
Building CXX object CMakeFiles/cmTC_81071.dir/src.cxx.o
/Applications/Xcode.app/Contents/Developer/Toolchains/XcodeDefault.xctoolchain/usr/bin/c++    -fno-exceptions -fno-rtti -DHAVE_KYOTOCABINET -isysroot /Applications/Xcode.app/Contents/Developer/Platforms/MacOSX.platform/Developer/SDKs/MacOSX10.15.sdk   -std=c++11 -o CMakeFiles/cmTC_81071.dir/src.cxx.o -c /Users/huibingdong/Programming/Git/ZoneLevelDB/build/CMakeFiles/CMakeTmp/src.cxx
/Users/huibingdong/Programming/Git/ZoneLevelDB/build/CMakeFiles/CMakeTmp/src.cxx:2:10: fatal error: 'kcpolydb.h' file not found
#include <kcpolydb.h>
         ^~~~~~~~~~~~
1 error generated.
gmake[1]: *** [CMakeFiles/cmTC_81071.dir/build.make:86: CMakeFiles/cmTC_81071.dir/src.cxx.o] Error 1
gmake[1]: Leaving directory '/Users/huibingdong/Programming/Git/ZoneLevelDB/build/CMakeFiles/CMakeTmp'
gmake: *** [Makefile:141: cmTC_81071/fast] Error 2


Source file was:

#include <kcpolydb.h>

int main() {
  kyotocabinet::TreeDB* db = new kyotocabinet::TreeDB();
  delete db;
  return 0;
}
  
